<?xml version="1.0" encoding="UTF-8"?>
<testng-results ignored="0" total="2" passed="2" failed="0" skipped="0">
  <reporter-output>
  </reporter-output>
  <suite started-at="2022-07-01T17:54:32 PKT" name="Default suite" finished-at="2022-07-01T17:54:32 PKT" duration-ms="101">
    <groups>
    </groups>
    <test started-at="2022-07-01T17:54:32 PKT" name="Default test" finished-at="2022-07-01T17:54:32 PKT" duration-ms="101">
      <class name="Ui.loginTest">
        <test-method signature="loginTest()[pri:0, instance:Ui.loginTest@306cf3ea]" started-at="2022-07-01T17:54:32 PKT" name="loginTest" finished-at="2022-07-01T17:54:32 PKT" duration-ms="25" status="PASS">
          <reporter-output>
          </reporter-output>
        </test-method> <!-- loginTest -->
        <test-method signature="logoutTest()[pri:0, instance:Ui.loginTest@306cf3ea]" started-at="2022-07-01T17:54:32 PKT" name="logoutTest" finished-at="2022-07-01T17:54:32 PKT" duration-ms="2" status="PASS">
          <reporter-output>
          </reporter-output>
        </test-method> <!-- logoutTest -->
      </class> <!-- Ui.loginTest -->
    </test> <!-- Default test -->
  </suite> <!-- Default suite -->
</testng-results>
